# JRE version: OpenJDK Runtime Environment (8.0_212-b04) (build 1.8.0_212-release-1586-b04)
# Java VM: OpenJDK 64-Bit Server VM (25.212-b04 mixed mode windows-amd64 compressed oops)
Heap:
 PSYoungGen      total 112640K, used 90297K [0x00000000e0000000, 0x00000000e9d80000, 0x0000000100000000)
  eden space 100864K, 89% used [0x00000000e0000000,0x00000000e582e6b0,0x00000000e6280000)
  from space 11776K, 0% used [0x00000000e6280000,0x00000000e6280000,0x00000000e6e00000)
  to   space 12800K, 0% used [0x00000000e9100000,0x00000000e9100000,0x00000000e9d80000)
 ParOldGen       total 59904K, used 17664K [0x00000000a0000000, 0x00000000a3a80000, 0x00000000e0000000)
  object space 59904K, 29% used [0x00000000a0000000,0x00000000a1140100,0x00000000a3a80000)
 Metaspace       used 43238K, capacity 44396K, committed 44544K, reserved 1087488K
  class space    used 5843K, capacity 6132K, committed 6144K, reserved 1048576K
GC Heap History (10 events):
Event: 3.639 GC heap before
{Heap before GC invocations=7 (full 1):
 PSYoungGen      total 75776K, used 8863K [0x00000000e0000000, 0x00000000e5600000, 0x0000000100000000)
  eden space 65024K, 0% used [0x00000000e0000000,0x00000000e0000000,0x00000000e3f80000)
  from space 10752K, 82% used [0x00000000e4a80000,0x00000000e5327dd0,0x00000000e5500000)
  to   space 11264K, 0% used [0x00000000e3f80000,0x00000000e3f80000,0x00000000e4a80000)
 ParOldGen       total 86016K, used 7475K [0x00000000a0000000, 0x00000000a5400000, 0x00000000e0000000)
  object space 86016K, 8% used [0x00000000a0000000,0x00000000a074cf20,0x00000000a5400000)
 Metaspace       used 20591K, capacity 21106K, committed 21296K, reserved 1067008K
  class space    used 2972K, capacity 3129K, committed 3200K, reserved 1048576K
Event: 3.679 GC heap after
Heap after GC invocations=7 (full 1):
 PSYoungGen      total 75776K, used 0K [0x00000000e0000000, 0x00000000e5600000, 0x0000000100000000)
  eden space 65024K, 0% used [0x00000000e0000000,0x00000000e0000000,0x00000000e3f80000)
  from space 10752K, 0% used [0x00000000e4a80000,0x00000000e4a80000,0x00000000e5500000)
  to   space 11264K, 0% used [0x00000000e3f80000,0x00000000e3f80000,0x00000000e4a80000)
 ParOldGen       total 59904K, used 9523K [0x00000000a0000000, 0x00000000a3a80000, 0x00000000e0000000)
  object space 59904K, 15% used [0x00000000a0000000,0x00000000a094cde0,0x00000000a3a80000)
 Metaspace       used 20591K, capacity 21106K, committed 21296K, reserved 1067008K
  class space    used 2972K, capacity 3129K, committed 3200K, reserved 1048576K
}
Event: 4.865 GC heap before
{Heap before GC invocations=8 (full 1):
 PSYoungGen      total 75776K, used 65024K [0x00000000e0000000, 0x00000000e5600000, 0x0000000100000000)
  eden space 65024K, 100% used [0x00000000e0000000,0x00000000e3f80000,0x00000000e3f80000)
  from space 10752K, 0% used [0x00000000e4a80000,0x00000000e4a80000,0x00000000e5500000)
  to   space 11264K, 0% used [0x00000000e3f80000,0x00000000e3f80000,0x00000000e4a80000)
 ParOldGen       total 59904K, used 9523K [0x00000000a0000000, 0x00000000a3a80000, 0x00000000e0000000)
  object space 59904K, 15% used [0x00000000a0000000,0x00000000a094cde0,0x00000000a3a80000)
 Metaspace       used 28917K, capacity 29424K, committed 29696K, reserved 1075200K
  class space    used 3891K, capacity 4063K, committed 4096K, reserved 1048576K
Event: 4.875 GC heap after
Heap after GC invocations=8 (full 1):
 PSYoungGen      total 76288K, used 7945K [0x00000000e0000000, 0x00000000e7980000, 0x0000000100000000)
  eden space 65024K, 0% used [0x00000000e0000000,0x00000000e0000000,0x00000000e3f80000)
  from space 11264K, 70% used [0x00000000e3f80000,0x00000000e47426c8,0x00000000e4a80000)
  to   space 11264K, 0% used [0x00000000e6e80000,0x00000000e6e80000,0x00000000e7980000)
 ParOldGen       total 59904K, used 9531K [0x00000000a0000000, 0x00000000a3a80000, 0x00000000e0000000)
  object space 59904K, 15% used [0x00000000a0000000,0x00000000a094ede0,0x00000000a3a80000)
 Metaspace       used 28917K, capacity 29424K, committed 29696K, reserved 1075200K
  class space    used 3891K, capacity 4063K, committed 4096K, reserved 1048576K
}
Event: 5.677 GC heap before
{Heap before GC invocations=9 (full 1):
 PSYoungGen      total 76288K, used 72969K [0x00000000e0000000, 0x00000000e7980000, 0x0000000100000000)
  eden space 65024K, 100% used [0x00000000e0000000,0x00000000e3f80000,0x00000000e3f80000)
  from space 11264K, 70% used [0x00000000e3f80000,0x00000000e47426c8,0x00000000e4a80000)
  to   space 11264K, 0% used [0x00000000e6e80000,0x00000000e6e80000,0x00000000e7980000)
 ParOldGen       total 59904K, used 9531K [0x00000000a0000000, 0x00000000a3a80000, 0x00000000e0000000)
  object space 59904K, 15% used [0x00000000a0000000,0x00000000a094ede0,0x00000000a3a80000)
 Metaspace       used 31783K, capacity 32372K, committed 32768K, reserved 1077248K
  class space    used 4351K, capacity 4555K, committed 4608K, reserved 1048576K
Event: 5.687 GC heap after
Heap after GC invocations=9 (full 1):
 PSYoungGen      total 112128K, used 8581K [0x00000000e0000000, 0x00000000e7980000, 0x0000000100000000)
  eden space 100864K, 0% used [0x00000000e0000000,0x00000000e0000000,0x00000000e6280000)
  from space 11264K, 76% used [0x00000000e6e80000,0x00000000e76e16b0,0x00000000e7980000)
  to   space 11776K, 0% used [0x00000000e6280000,0x00000000e6280000,0x00000000e6e00000)
 ParOldGen       total 59904K, used 9539K [0x00000000a0000000, 0x00000000a3a80000, 0x00000000e0000000)
  object space 59904K, 15% used [0x00000000a0000000,0x00000000a0950de0,0x00000000a3a80000)
 Metaspace       used 31783K, capacity 32372K, committed 32768K, reserved 1077248K
  class space    used 4351K, capacity 4555K, committed 4608K, reserved 1048576K
}
Event: 6.344 GC heap before
{Heap before GC invocations=10 (full 1):
 PSYoungGen      total 112128K, used 72359K [0x00000000e0000000, 0x00000000e7980000, 0x0000000100000000)
  eden space 100864K, 63% used [0x00000000e0000000,0x00000000e3e48620,0x00000000e6280000)
  from space 11264K, 76% used [0x00000000e6e80000,0x00000000e76e16b0,0x00000000e7980000)
  to   space 11776K, 0% used [0x00000000e6280000,0x00000000e6280000,0x00000000e6e00000)
 ParOldGen       total 59904K, used 9539K [0x00000000a0000000, 0x00000000a3a80000, 0x00000000e0000000)
  object space 59904K, 15% used [0x00000000a0000000,0x00000000a0950de0,0x00000000a3a80000)
 Metaspace       used 34516K, capacity 35338K, committed 35456K, reserved 1079296K
  class space    used 4728K, capacity 4934K, committed 4992K, reserved 1048576K
Event: 6.357 GC heap after
Heap after GC invocations=10 (full 1):
 PSYoungGen      total 112640K, used 10942K [0x00000000e0000000, 0x00000000e9d80000, 0x0000000100000000)
  eden space 100864K, 0% used [0x00000000e0000000,0x00000000e0000000,0x00000000e6280000)
  from space 11776K, 92% used [0x00000000e6280000,0x00000000e6d2f998,0x00000000e6e00000)
  to   space 12800K, 0% used [0x00000000e9100000,0x00000000e9100000,0x00000000e9d80000)
 ParOldGen       total 59904K, used 9547K [0x00000000a0000000, 0x00000000a3a80000, 0x00000000e0000000)
  object space 59904K, 15% used [0x00000000a0000000,0x00000000a0952de0,0x00000000a3a80000)
 Metaspace       used 34516K, capacity 35338K, committed 35456K, reserved 1079296K
  class space    used 4728K, capacity 4934K, committed 4992K, reserved 1048576K
}
Event: 6.357 GC heap before
{Heap before GC invocations=11 (full 2):
 PSYoungGen      total 112640K, used 10942K [0x00000000e0000000, 0x00000000e9d80000, 0x0000000100000000)
  eden space 100864K, 0% used [0x00000000e0000000,0x00000000e0000000,0x00000000e6280000)
  from space 11776K, 92% used [0x00000000e6280000,0x00000000e6d2f998,0x00000000e6e00000)
  to   space 12800K, 0% used [0x00000000e9100000,0x00000000e9100000,0x00000000e9d80000)
 ParOldGen       total 59904K, used 9547K [0x00000000a0000000, 0x00000000a3a80000, 0x00000000e0000000)
  object space 59904K, 15% used [0x00000000a0000000,0x00000000a0952de0,0x00000000a3a80000)
 Metaspace       used 34516K, capacity 35338K, committed 35456K, reserved 1079296K
  class space    used 4728K, capacity 4934K, committed 4992K, reserved 1048576K
Event: 6.421 GC heap after
Heap after GC invocations=11 (full 2):
 PSYoungGen      total 112640K, used 0K [0x00000000e0000000, 0x00000000e9d80000, 0x0000000100000000)
  eden space 100864K, 0% used [0x00000000e0000000,0x00000000e0000000,0x00000000e6280000)
  from space 11776K, 0% used [0x00000000e6280000,0x00000000e6280000,0x00000000e6e00000)
  to   space 12800K, 0% used [0x00000000e9100000,0x00000000e9100000,0x00000000e9d80000)
 ParOldGen       total 59904K, used 17664K [0x00000000a0000000, 0x00000000a3a80000, 0x00000000e0000000)
  object space 59904K, 29% used [0x00000000a0000000,0x00000000a1140100,0x00000000a3a80000)
 Metaspace       used 34487K, capacity 35242K, committed 35456K, reserved 1079296K
  class space    used 4720K, capacity 4918K, committed 4992K, reserved 1048576K
}

