# JRE version: OpenJDK Runtime Environment (8.0_212-b04) (build 1.8.0_212-release-1586-b04)
# Java VM: OpenJDK 64-Bit Server VM (25.212-b04 mixed mode windows-amd64 compressed oops)
Heap:
 PSYoungGen      total 138240K, used 24208K [0x00000000e0000000, 0x00000000e9d80000, 0x0000000100000000)
  eden space 125952K, 9% used [0x00000000e0000000,0x00000000e0ba53c8,0x00000000e7b00000)
  from space 12288K, 99% used [0x00000000e9180000,0x00000000e9d7edc8,0x00000000e9d80000)
  to   space 13824K, 0% used [0x00000000e8280000,0x00000000e8280000,0x00000000e9000000)
 ParOldGen       total 60928K, used 16577K [0x00000000a0000000, 0x00000000a3b80000, 0x00000000e0000000)
  object space 60928K, 27% used [0x00000000a0000000,0x00000000a10304d0,0x00000000a3b80000)
 Metaspace       used 45378K, capacity 46624K, committed 46848K, reserved 1089536K
  class space    used 6053K, capacity 6346K, committed 6400K, reserved 1048576K
GC Heap History (10 events):
Event: 5.116 GC heap before
{Heap before GC invocations=8 (full 1):
 PSYoungGen      total 74752K, used 64512K [0x00000000e0000000, 0x00000000e5600000, 0x0000000100000000)
  eden space 64512K, 100% used [0x00000000e0000000,0x00000000e3f00000,0x00000000e3f00000)
  from space 10240K, 0% used [0x00000000e4a00000,0x00000000e4a00000,0x00000000e5400000)
  to   space 11264K, 0% used [0x00000000e3f00000,0x00000000e3f00000,0x00000000e4a00000)
 ParOldGen       total 60928K, used 9595K [0x00000000a0000000, 0x00000000a3b80000, 0x00000000e0000000)
  object space 60928K, 15% used [0x00000000a0000000,0x00000000a095ed00,0x00000000a3b80000)
 Metaspace       used 28912K, capacity 29424K, committed 29696K, reserved 1075200K
  class space    used 3897K, capacity 4063K, committed 4096K, reserved 1048576K
Event: 5.125 GC heap after
Heap after GC invocations=8 (full 1):
 PSYoungGen      total 75776K, used 7923K [0x00000000e0000000, 0x00000000e7880000, 0x0000000100000000)
  eden space 64512K, 0% used [0x00000000e0000000,0x00000000e0000000,0x00000000e3f00000)
  from space 11264K, 70% used [0x00000000e3f00000,0x00000000e46bcf08,0x00000000e4a00000)
  to   space 11776K, 0% used [0x00000000e6d00000,0x00000000e6d00000,0x00000000e7880000)
 ParOldGen       total 60928K, used 9603K [0x00000000a0000000, 0x00000000a3b80000, 0x00000000e0000000)
  object space 60928K, 15% used [0x00000000a0000000,0x00000000a0960d00,0x00000000a3b80000)
 Metaspace       used 28912K, capacity 29424K, committed 29696K, reserved 1075200K
  class space    used 3897K, capacity 4063K, committed 4096K, reserved 1048576K
}
Event: 5.769 GC heap before
{Heap before GC invocations=9 (full 1):
 PSYoungGen      total 75776K, used 72435K [0x00000000e0000000, 0x00000000e7880000, 0x0000000100000000)
  eden space 64512K, 100% used [0x00000000e0000000,0x00000000e3f00000,0x00000000e3f00000)
  from space 11264K, 70% used [0x00000000e3f00000,0x00000000e46bcf08,0x00000000e4a00000)
  to   space 11776K, 0% used [0x00000000e6d00000,0x00000000e6d00000,0x00000000e7880000)
 ParOldGen       total 60928K, used 9603K [0x00000000a0000000, 0x00000000a3b80000, 0x00000000e0000000)
  object space 60928K, 15% used [0x00000000a0000000,0x00000000a0960d00,0x00000000a3b80000)
 Metaspace       used 31784K, capacity 32372K, committed 32768K, reserved 1077248K
  class space    used 4357K, capacity 4555K, committed 4608K, reserved 1048576K
Event: 5.781 GC heap after
Heap after GC invocations=9 (full 1):
 PSYoungGen      total 111616K, used 8715K [0x00000000e0000000, 0x00000000e7a00000, 0x0000000100000000)
  eden space 99840K, 0% used [0x00000000e0000000,0x00000000e0000000,0x00000000e6180000)
  from space 11776K, 74% used [0x00000000e6d00000,0x00000000e7582e10,0x00000000e7880000)
  to   space 11776K, 0% used [0x00000000e6180000,0x00000000e6180000,0x00000000e6d00000)
 ParOldGen       total 60928K, used 9611K [0x00000000a0000000, 0x00000000a3b80000, 0x00000000e0000000)
  object space 60928K, 15% used [0x00000000a0000000,0x00000000a0962d00,0x00000000a3b80000)
 Metaspace       used 31784K, capacity 32372K, committed 32768K, reserved 1077248K
  class space    used 4357K, capacity 4555K, committed 4608K, reserved 1048576K
}
Event: 6.348 GC heap before
{Heap before GC invocations=10 (full 1):
 PSYoungGen      total 111616K, used 52590K [0x00000000e0000000, 0x00000000e7a00000, 0x0000000100000000)
  eden space 99840K, 43% used [0x00000000e0000000,0x00000000e2ad8b88,0x00000000e6180000)
  from space 11776K, 74% used [0x00000000e6d00000,0x00000000e7582e10,0x00000000e7880000)
  to   space 11776K, 0% used [0x00000000e6180000,0x00000000e6180000,0x00000000e6d00000)
 ParOldGen       total 60928K, used 9611K [0x00000000a0000000, 0x00000000a3b80000, 0x00000000e0000000)
  object space 60928K, 15% used [0x00000000a0000000,0x00000000a0962d00,0x00000000a3b80000)
 Metaspace       used 34616K, capacity 35318K, committed 35456K, reserved 1079296K
  class space    used 4734K, capacity 4925K, committed 4992K, reserved 1048576K
Event: 6.363 GC heap after
Heap after GC invocations=10 (full 1):
 PSYoungGen      total 111616K, used 9616K [0x00000000e0000000, 0x00000000e9d80000, 0x0000000100000000)
  eden space 99840K, 0% used [0x00000000e0000000,0x00000000e0000000,0x00000000e6180000)
  from space 11776K, 81% used [0x00000000e6180000,0x00000000e6ae4200,0x00000000e6d00000)
  to   space 12288K, 0% used [0x00000000e9180000,0x00000000e9180000,0x00000000e9d80000)
 ParOldGen       total 60928K, used 9619K [0x00000000a0000000, 0x00000000a3b80000, 0x00000000e0000000)
  object space 60928K, 15% used [0x00000000a0000000,0x00000000a0964d00,0x00000000a3b80000)
 Metaspace       used 34616K, capacity 35318K, committed 35456K, reserved 1079296K
  class space    used 4734K, capacity 4925K, committed 4992K, reserved 1048576K
}
Event: 6.363 GC heap before
{Heap before GC invocations=11 (full 2):
 PSYoungGen      total 111616K, used 9616K [0x00000000e0000000, 0x00000000e9d80000, 0x0000000100000000)
  eden space 99840K, 0% used [0x00000000e0000000,0x00000000e0000000,0x00000000e6180000)
  from space 11776K, 81% used [0x00000000e6180000,0x00000000e6ae4200,0x00000000e6d00000)
  to   space 12288K, 0% used [0x00000000e9180000,0x00000000e9180000,0x00000000e9d80000)
 ParOldGen       total 60928K, used 9619K [0x00000000a0000000, 0x00000000a3b80000, 0x00000000e0000000)
  object space 60928K, 15% used [0x00000000a0000000,0x00000000a0964d00,0x00000000a3b80000)
 Metaspace       used 34616K, capacity 35318K, committed 35456K, reserved 1079296K
  class space    used 4734K, capacity 4925K, committed 4992K, reserved 1048576K
Event: 6.431 GC heap after
Heap after GC invocations=11 (full 2):
 PSYoungGen      total 111616K, used 0K [0x00000000e0000000, 0x00000000e9d80000, 0x0000000100000000)
  eden space 99840K, 0% used [0x00000000e0000000,0x00000000e0000000,0x00000000e6180000)
  from space 11776K, 0% used [0x00000000e6180000,0x00000000e6180000,0x00000000e6d00000)
  to   space 12288K, 0% used [0x00000000e9180000,0x00000000e9180000,0x00000000e9d80000)
 ParOldGen       total 60928K, used 16410K [0x00000000a0000000, 0x00000000a3b80000, 0x00000000e0000000)
  object space 60928K, 26% used [0x00000000a0000000,0x00000000a1006a80,0x00000000a3b80000)
 Metaspace       used 34616K, capacity 35318K, committed 35456K, reserved 1079296K
  class space    used 4734K, capacity 4925K, committed 4992K, reserved 1048576K
}
Event: 8.384 GC heap before
{Heap before GC invocations=12 (full 2):
 PSYoungGen      total 111616K, used 99840K [0x00000000e0000000, 0x00000000e9d80000, 0x0000000100000000)
  eden space 99840K, 100% used [0x00000000e0000000,0x00000000e6180000,0x00000000e6180000)
  from space 11776K, 0% used [0x00000000e6180000,0x00000000e6180000,0x00000000e6d00000)
  to   space 12288K, 0% used [0x00000000e9180000,0x00000000e9180000,0x00000000e9d80000)
 ParOldGen       total 60928K, used 16410K [0x00000000a0000000, 0x00000000a3b80000, 0x00000000e0000000)
  object space 60928K, 26% used [0x00000000a0000000,0x00000000a1006a80,0x00000000a3b80000)
 Metaspace       used 44246K, capacity 45426K, committed 45696K, reserved 1089536K
  class space    used 5957K, capacity 6247K, committed 6272K, reserved 1048576K
Event: 8.403 GC heap after
Heap after GC invocations=12 (full 2):
 PSYoungGen      total 138240K, used 12283K [0x00000000e0000000, 0x00000000e9d80000, 0x0000000100000000)
  eden space 125952K, 0% used [0x00000000e0000000,0x00000000e0000000,0x00000000e7b00000)
  from space 12288K, 99% used [0x00000000e9180000,0x00000000e9d7edc8,0x00000000e9d80000)
  to   space 13824K, 0% used [0x00000000e8280000,0x00000000e8280000,0x00000000e9000000)
 ParOldGen       total 60928K, used 16577K [0x00000000a0000000, 0x00000000a3b80000, 0x00000000e0000000)
  object space 60928K, 27% used [0x00000000a0000000,0x00000000a10304d0,0x00000000a3b80000)
 Metaspace       used 44246K, capacity 45426K, committed 45696K, reserved 1089536K
  class space    used 5957K, capacity 6247K, committed 6272K, reserved 1048576K
}

