# JRE version: OpenJDK Runtime Environment (8.0_212-b04) (build 1.8.0_212-release-1586-b04)
# Java VM: OpenJDK 64-Bit Server VM (25.212-b04 mixed mode windows-amd64 compressed oops)
Heap:
 PSYoungGen      total 330752K, used 192365K [0x00000000e0000000, 0x00000000f9d80000, 0x0000000100000000)
  eden space 289280K, 66% used [0x00000000e0000000,0x00000000ebbdb520,0x00000000f1a80000)
  from space 41472K, 0% used [0x00000000f1a80000,0x00000000f1a80000,0x00000000f4300000)
  to   space 39424K, 0% used [0x00000000f7700000,0x00000000f7700000,0x00000000f9d80000)
 ParOldGen       total 212480K, used 68971K [0x00000000a0000000, 0x00000000acf80000, 0x00000000e0000000)
  object space 212480K, 32% used [0x00000000a0000000,0x00000000a435ae58,0x00000000acf80000)
 Metaspace       used 96217K, capacity 99870K, committed 102144K, reserved 1136640K
  class space    used 12793K, capacity 13533K, committed 14080K, reserved 1048576K
GC Heap History (10 events):
Event: 11.686 GC heap before
{Heap before GC invocations=15 (full 3):
 PSYoungGen      total 227840K, used 223458K [0x00000000e0000000, 0x00000000f2680000, 0x0000000100000000)
  eden space 204288K, 100% used [0x00000000e0000000,0x00000000ec780000,0x00000000ec780000)
  from space 23552K, 81% used [0x00000000ec780000,0x00000000eda38b48,0x00000000ede80000)
  to   space 25600K, 0% used [0x00000000f0d80000,0x00000000f0d80000,0x00000000f2680000)
 ParOldGen       total 140288K, used 40248K [0x00000000a0000000, 0x00000000a8900000, 0x00000000e0000000)
  object space 140288K, 28% used [0x00000000a0000000,0x00000000a274e250,0x00000000a8900000)
 Metaspace       used 69119K, capacity 72122K, committed 72320K, reserved 1112064K
  class space    used 9457K, capacity 10071K, committed 10112K, reserved 1048576K
Event: 11.704 GC heap after
Heap after GC invocations=15 (full 3):
 PSYoungGen      total 272384K, used 25325K [0x00000000e0000000, 0x00000000f2a00000, 0x0000000100000000)
  eden space 246784K, 0% used [0x00000000e0000000,0x00000000e0000000,0x00000000ef100000)
  from space 25600K, 98% used [0x00000000f0d80000,0x00000000f263b668,0x00000000f2680000)
  to   space 29184K, 0% used [0x00000000ef100000,0x00000000ef100000,0x00000000f0d80000)
 ParOldGen       total 140288K, used 40256K [0x00000000a0000000, 0x00000000a8900000, 0x00000000e0000000)
  object space 140288K, 28% used [0x00000000a0000000,0x00000000a2750250,0x00000000a8900000)
 Metaspace       used 69119K, capacity 72122K, committed 72320K, reserved 1112064K
  class space    used 9457K, capacity 10071K, committed 10112K, reserved 1048576K
}
Event: 22.987 GC heap before
{Heap before GC invocations=16 (full 3):
 PSYoungGen      total 272384K, used 272109K [0x00000000e0000000, 0x00000000f2a00000, 0x0000000100000000)
  eden space 246784K, 100% used [0x00000000e0000000,0x00000000ef100000,0x00000000ef100000)
  from space 25600K, 98% used [0x00000000f0d80000,0x00000000f263b668,0x00000000f2680000)
  to   space 29184K, 0% used [0x00000000ef100000,0x00000000ef100000,0x00000000f0d80000)
 ParOldGen       total 140288K, used 40256K [0x00000000a0000000, 0x00000000a8900000, 0x00000000e0000000)
  object space 140288K, 28% used [0x00000000a0000000,0x00000000a2750250,0x00000000a8900000)
 Metaspace       used 77821K, capacity 81014K, committed 81152K, reserved 1120256K
  class space    used 10543K, capacity 11176K, committed 11264K, reserved 1048576K
Event: 23.022 GC heap after
Heap after GC invocations=16 (full 3):
 PSYoungGen      total 275968K, used 29180K [0x00000000e0000000, 0x00000000f6a80000, 0x0000000100000000)
  eden space 246784K, 0% used [0x00000000e0000000,0x00000000e0000000,0x00000000ef100000)
  from space 29184K, 99% used [0x00000000ef100000,0x00000000f0d7f320,0x00000000f0d80000)
  to   space 40448K, 0% used [0x00000000f4300000,0x00000000f4300000,0x00000000f6a80000)
 ParOldGen       total 140288K, used 58376K [0x00000000a0000000, 0x00000000a8900000, 0x00000000e0000000)
  object space 140288K, 41% used [0x00000000a0000000,0x00000000a3902140,0x00000000a8900000)
 Metaspace       used 77821K, capacity 81014K, committed 81152K, reserved 1120256K
  class space    used 10543K, capacity 11176K, committed 11264K, reserved 1048576K
}
Event: 25.315 GC heap before
{Heap before GC invocations=17 (full 3):
 PSYoungGen      total 275968K, used 275964K [0x00000000e0000000, 0x00000000f6a80000, 0x0000000100000000)
  eden space 246784K, 100% used [0x00000000e0000000,0x00000000ef100000,0x00000000ef100000)
  from space 29184K, 99% used [0x00000000ef100000,0x00000000f0d7f320,0x00000000f0d80000)
  to   space 40448K, 0% used [0x00000000f4300000,0x00000000f4300000,0x00000000f6a80000)
 ParOldGen       total 140288K, used 58376K [0x00000000a0000000, 0x00000000a8900000, 0x00000000e0000000)
  object space 140288K, 41% used [0x00000000a0000000,0x00000000a3902140,0x00000000a8900000)
 Metaspace       used 90125K, capacity 94896K, committed 95232K, reserved 1130496K
  class space    used 12309K, capacity 13214K, committed 13312K, reserved 1048576K
Event: 25.354 GC heap after
Heap after GC invocations=17 (full 3):
 PSYoungGen      total 329728K, used 26305K [0x00000000e0000000, 0x00000000f6d80000, 0x0000000100000000)
  eden space 289280K, 0% used [0x00000000e0000000,0x00000000e0000000,0x00000000f1a80000)
  from space 40448K, 65% used [0x00000000f4300000,0x00000000f5cb05d0,0x00000000f6a80000)
  to   space 41472K, 0% used [0x00000000f1a80000,0x00000000f1a80000,0x00000000f4300000)
 ParOldGen       total 140288K, used 75500K [0x00000000a0000000, 0x00000000a8900000, 0x00000000e0000000)
  object space 140288K, 53% used [0x00000000a0000000,0x00000000a49bb1a0,0x00000000a8900000)
 Metaspace       used 90125K, capacity 94896K, committed 95232K, reserved 1130496K
  class space    used 12309K, capacity 13214K, committed 13312K, reserved 1048576K
}
Event: 26.144 GC heap before
{Heap before GC invocations=18 (full 3):
 PSYoungGen      total 329728K, used 95287K [0x00000000e0000000, 0x00000000f6d80000, 0x0000000100000000)
  eden space 289280K, 23% used [0x00000000e0000000,0x00000000e435d818,0x00000000f1a80000)
  from space 40448K, 65% used [0x00000000f4300000,0x00000000f5cb05d0,0x00000000f6a80000)
  to   space 41472K, 0% used [0x00000000f1a80000,0x00000000f1a80000,0x00000000f4300000)
 ParOldGen       total 140288K, used 75500K [0x00000000a0000000, 0x00000000a8900000, 0x00000000e0000000)
  object space 140288K, 53% used [0x00000000a0000000,0x00000000a49bb1a0,0x00000000a8900000)
 Metaspace       used 93524K, capacity 98544K, committed 98560K, reserved 1134592K
  class space    used 12851K, capacity 13808K, committed 13824K, reserved 1048576K
Event: 26.161 GC heap after
Heap after GC invocations=18 (full 3):
 PSYoungGen      total 330752K, used 18839K [0x00000000e0000000, 0x00000000f9d80000, 0x0000000100000000)
  eden space 289280K, 0% used [0x00000000e0000000,0x00000000e0000000,0x00000000f1a80000)
  from space 41472K, 45% used [0x00000000f1a80000,0x00000000f2ce5fb8,0x00000000f4300000)
  to   space 39424K, 0% used [0x00000000f7700000,0x00000000f7700000,0x00000000f9d80000)
 ParOldGen       total 140288K, used 75508K [0x00000000a0000000, 0x00000000a8900000, 0x00000000e0000000)
  object space 140288K, 53% used [0x00000000a0000000,0x00000000a49bd1a0,0x00000000a8900000)
 Metaspace       used 93524K, capacity 98544K, committed 98560K, reserved 1134592K
  class space    used 12851K, capacity 13808K, committed 13824K, reserved 1048576K
}
Event: 26.161 GC heap before
{Heap before GC invocations=19 (full 4):
 PSYoungGen      total 330752K, used 18839K [0x00000000e0000000, 0x00000000f9d80000, 0x0000000100000000)
  eden space 289280K, 0% used [0x00000000e0000000,0x00000000e0000000,0x00000000f1a80000)
  from space 41472K, 45% used [0x00000000f1a80000,0x00000000f2ce5fb8,0x00000000f4300000)
  to   space 39424K, 0% used [0x00000000f7700000,0x00000000f7700000,0x00000000f9d80000)
 ParOldGen       total 140288K, used 75508K [0x00000000a0000000, 0x00000000a8900000, 0x00000000e0000000)
  object space 140288K, 53% used [0x00000000a0000000,0x00000000a49bd1a0,0x00000000a8900000)
 Metaspace       used 93524K, capacity 98544K, committed 98560K, reserved 1134592K
  class space    used 12851K, capacity 13808K, committed 13824K, reserved 1048576K
Event: 26.380 GC heap after
Heap after GC invocations=19 (full 4):
 PSYoungGen      total 330752K, used 0K [0x00000000e0000000, 0x00000000f9d80000, 0x0000000100000000)
  eden space 289280K, 0% used [0x00000000e0000000,0x00000000e0000000,0x00000000f1a80000)
  from space 41472K, 0% used [0x00000000f1a80000,0x00000000f1a80000,0x00000000f4300000)
  to   space 39424K, 0% used [0x00000000f7700000,0x00000000f7700000,0x00000000f9d80000)
 ParOldGen       total 212480K, used 68971K [0x00000000a0000000, 0x00000000acf80000, 0x00000000e0000000)
  object space 212480K, 32% used [0x00000000a0000000,0x00000000a435ae58,0x00000000acf80000)
 Metaspace       used 92460K, capacity 96038K, committed 98560K, reserved 1134592K
  class space    used 12552K, capacity 13277K, committed 13824K, reserved 1048576K
}

