# JRE version: OpenJDK Runtime Environment (8.0_212-b04) (build 1.8.0_212-release-1586-b04)
# Java VM: OpenJDK 64-Bit Server VM (25.212-b04 mixed mode windows-amd64 compressed oops)
Heap:
 PSYoungGen      total 437760K, used 335453K [0x00000000e0000000, 0x0000000100000000, 0x0000000100000000)
  eden space 389120K, 86% used [0x00000000e0000000,0x00000000f4797570,0x00000000f7c00000)
  from space 48640K, 0% used [0x00000000f7c00000,0x00000000f7c00000,0x00000000fab80000)
  to   space 71168K, 0% used [0x00000000fba80000,0x00000000fbaea010,0x0000000100000000)
 ParOldGen       total 322048K, used 131053K [0x00000000a0000000, 0x00000000b3a80000, 0x00000000e0000000)
  object space 322048K, 40% used [0x00000000a0000000,0x00000000a7ffb4b8,0x00000000b3a80000)
 Metaspace       used 150492K, capacity 162278K, committed 164524K, reserved 1196032K
  class space    used 19402K, capacity 21418K, committed 22016K, reserved 1048576K
GC Heap History (10 events):
Event: 3059.340 GC heap before
{Heap before GC invocations=48 (full 4):
 PSYoungGen      total 478720K, used 478208K [0x00000000e0000000, 0x0000000100000000, 0x0000000100000000)
  eden space 437248K, 100% used [0x00000000e0000000,0x00000000fab00000,0x00000000fab00000)
  from space 41472K, 98% used [0x00000000fab00000,0x00000000fd300098,0x00000000fd380000)
  to   space 45568K, 0% used [0x00000000fd380000,0x00000000fd380000,0x0000000100000000)
 ParOldGen       total 227328K, used 167558K [0x00000000a0000000, 0x00000000ade00000, 0x00000000e0000000)
  object space 227328K, 73% used [0x00000000a0000000,0x00000000aa3a1a88,0x00000000ade00000)
 Metaspace       used 141768K, capacity 154686K, committed 154880K, reserved 1183744K
  class space    used 18356K, capacity 20663K, committed 20736K, reserved 1048576K
Event: 3059.388 GC heap after
Heap after GC invocations=48 (full 4):
 PSYoungGen      total 469504K, used 31622K [0x00000000e0000000, 0x0000000100000000, 0x0000000100000000)
  eden space 423936K, 0% used [0x00000000e0000000,0x00000000e0000000,0x00000000f9e00000)
  from space 45568K, 69% used [0x00000000fd380000,0x00000000ff2618c8,0x0000000100000000)
  to   space 50176K, 0% used [0x00000000f9e00000,0x00000000f9e00000,0x00000000fcf00000)
 ParOldGen       total 227328K, used 167566K [0x00000000a0000000, 0x00000000ade00000, 0x00000000e0000000)
  object space 227328K, 73% used [0x00000000a0000000,0x00000000aa3a3a88,0x00000000ade00000)
 Metaspace       used 141768K, capacity 154686K, committed 154880K, reserved 1183744K
  class space    used 18356K, capacity 20663K, committed 20736K, reserved 1048576K
}
Event: 3236.741 GC heap before
{Heap before GC invocations=49 (full 4):
 PSYoungGen      total 469504K, used 455558K [0x00000000e0000000, 0x0000000100000000, 0x0000000100000000)
  eden space 423936K, 100% used [0x00000000e0000000,0x00000000f9e00000,0x00000000f9e00000)
  from space 45568K, 69% used [0x00000000fd380000,0x00000000ff2618c8,0x0000000100000000)
  to   space 50176K, 0% used [0x00000000f9e00000,0x00000000f9e00000,0x00000000fcf00000)
 ParOldGen       total 227328K, used 167566K [0x00000000a0000000, 0x00000000ade00000, 0x00000000e0000000)
  object space 227328K, 73% used [0x00000000a0000000,0x00000000aa3a3a88,0x00000000ade00000)
 Metaspace       used 143566K, capacity 156858K, committed 157184K, reserved 1185792K
  class space    used 18570K, capacity 20928K, committed 20992K, reserved 1048576K
Event: 3236.783 GC heap after
Heap after GC invocations=49 (full 4):
 PSYoungGen      total 474112K, used 50149K [0x00000000e0000000, 0x0000000100000000, 0x0000000100000000)
  eden space 423936K, 0% used [0x00000000e0000000,0x00000000e0000000,0x00000000f9e00000)
  from space 50176K, 99% used [0x00000000f9e00000,0x00000000fcef9660,0x00000000fcf00000)
  to   space 50176K, 0% used [0x00000000fcf00000,0x00000000fcf00000,0x0000000100000000)
 ParOldGen       total 227328K, used 170448K [0x00000000a0000000, 0x00000000ade00000, 0x00000000e0000000)
  object space 227328K, 74% used [0x00000000a0000000,0x00000000aa674398,0x00000000ade00000)
 Metaspace       used 143566K, capacity 156858K, committed 157184K, reserved 1185792K
  class space    used 18570K, capacity 20928K, committed 20992K, reserved 1048576K
}
Event: 3244.043 GC heap before
{Heap before GC invocations=50 (full 4):
 PSYoungGen      total 474112K, used 473657K [0x00000000e0000000, 0x0000000100000000, 0x0000000100000000)
  eden space 423936K, 99% used [0x00000000e0000000,0x00000000f9d94fd0,0x00000000f9e00000)
  from space 50176K, 99% used [0x00000000f9e00000,0x00000000fcef9660,0x00000000fcf00000)
  to   space 50176K, 0% used [0x00000000fcf00000,0x00000000fcf00000,0x0000000100000000)
 ParOldGen       total 227328K, used 170448K [0x00000000a0000000, 0x00000000ade00000, 0x00000000e0000000)
  object space 227328K, 74% used [0x00000000a0000000,0x00000000aa674398,0x00000000ade00000)
 Metaspace       used 145640K, capacity 159176K, committed 159232K, reserved 1187840K
  class space    used 18844K, capacity 21245K, committed 21248K, reserved 1048576K
Event: 3244.080 GC heap after
Heap after GC invocations=50 (full 4):
 PSYoungGen      total 439296K, used 50156K [0x00000000e0000000, 0x0000000100000000, 0x0000000100000000)
  eden space 389120K, 0% used [0x00000000e0000000,0x00000000e0000000,0x00000000f7c00000)
  from space 50176K, 99% used [0x00000000fcf00000,0x00000000ffffb2c0,0x0000000100000000)
  to   space 67584K, 0% used [0x00000000f7c00000,0x00000000f7c00000,0x00000000fbe00000)
 ParOldGen       total 227328K, used 177885K [0x00000000a0000000, 0x00000000ade00000, 0x00000000e0000000)
  object space 227328K, 78% used [0x00000000a0000000,0x00000000aadb77f8,0x00000000ade00000)
 Metaspace       used 145640K, capacity 159176K, committed 159232K, reserved 1187840K
  class space    used 18844K, capacity 21245K, committed 21248K, reserved 1048576K
}
Event: 3245.131 GC heap before
{Heap before GC invocations=51 (full 4):
 PSYoungGen      total 439296K, used 238174K [0x00000000e0000000, 0x0000000100000000, 0x0000000100000000)
  eden space 389120K, 48% used [0x00000000e0000000,0x00000000eb79c650,0x00000000f7c00000)
  from space 50176K, 99% used [0x00000000fcf00000,0x00000000ffffb2c0,0x0000000100000000)
  to   space 67584K, 0% used [0x00000000f7c00000,0x00000000f7c00000,0x00000000fbe00000)
 ParOldGen       total 227328K, used 177885K [0x00000000a0000000, 0x00000000ade00000, 0x00000000e0000000)
  object space 227328K, 78% used [0x00000000a0000000,0x00000000aadb77f8,0x00000000ade00000)
 Metaspace       used 150197K, capacity 164148K, committed 164268K, reserved 1191936K
  class space    used 19481K, capacity 21937K, committed 22016K, reserved 1048576K
Event: 3245.189 GC heap after
Heap after GC invocations=51 (full 4):
 PSYoungGen      total 437760K, used 48262K [0x00000000e0000000, 0x0000000100000000, 0x0000000100000000)
  eden space 389120K, 0% used [0x00000000e0000000,0x00000000e0000000,0x00000000f7c00000)
  from space 48640K, 99% used [0x00000000f7c00000,0x00000000fab21b00,0x00000000fab80000)
  to   space 71168K, 0% used [0x00000000fba80000,0x00000000fba80000,0x0000000100000000)
 ParOldGen       total 227328K, used 202406K [0x00000000a0000000, 0x00000000ade00000, 0x00000000e0000000)
  object space 227328K, 89% used [0x00000000a0000000,0x00000000ac5a9830,0x00000000ade00000)
 Metaspace       used 150197K, capacity 164148K, committed 164268K, reserved 1191936K
  class space    used 19481K, capacity 21937K, committed 22016K, reserved 1048576K
}
Event: 3245.189 GC heap before
{Heap before GC invocations=52 (full 5):
 PSYoungGen      total 437760K, used 48262K [0x00000000e0000000, 0x0000000100000000, 0x0000000100000000)
  eden space 389120K, 0% used [0x00000000e0000000,0x00000000e0000000,0x00000000f7c00000)
  from space 48640K, 99% used [0x00000000f7c00000,0x00000000fab21b00,0x00000000fab80000)
  to   space 71168K, 0% used [0x00000000fba80000,0x00000000fba80000,0x0000000100000000)
 ParOldGen       total 227328K, used 202406K [0x00000000a0000000, 0x00000000ade00000, 0x00000000e0000000)
  object space 227328K, 89% used [0x00000000a0000000,0x00000000ac5a9830,0x00000000ade00000)
 Metaspace       used 150197K, capacity 164148K, committed 164268K, reserved 1191936K
  class space    used 19481K, capacity 21937K, committed 22016K, reserved 1048576K
Event: 3245.631 GC heap after
Heap after GC invocations=52 (full 5):
 PSYoungGen      total 437760K, used 0K [0x00000000e0000000, 0x0000000100000000, 0x0000000100000000)
  eden space 389120K, 0% used [0x00000000e0000000,0x00000000e0000000,0x00000000f7c00000)
  from space 48640K, 0% used [0x00000000f7c00000,0x00000000f7c00000,0x00000000fab80000)
  to   space 71168K, 0% used [0x00000000fba80000,0x00000000fba80000,0x0000000100000000)
 ParOldGen       total 322048K, used 131053K [0x00000000a0000000, 0x00000000b3a80000, 0x00000000e0000000)
  object space 322048K, 40% used [0x00000000a0000000,0x00000000a7ffb4b8,0x00000000b3a80000)
 Metaspace       used 146077K, capacity 157104K, committed 164268K, reserved 1191936K
  class space    used 18712K, capacity 20623K, committed 22016K, reserved 1048576K
}

